C51 COMPILER V9.60.0.0   MAIN                                                              11/13/2024 18:15:31 PAGE 1   


C51 COMPILER V9.60.0.0, COMPILATION OF MODULE MAIN
OBJECT MODULE PLACED IN main.OBJ
COMPILER INVOKED BY: D:\Keil_v5\C51\BIN\C51.exe ..\main.c ROM(SMALL) BROWSE DEBUG CODE OBJECTEXTEND PREPRINT OBJECT(main
                    -.OBJ)

line level    source

   1          /* Main.c file generated by New Project wizard
   2           *
   3           * Created:   ÷‹»˝ 11‘¬ 13 2024
   4           * Processor: 80C52
   5           * Compiler:  Keil for 8051
   6           */
   7          
   8          #include <reg51.h>
   9          #include <stdio.h>
  10          
  11          void main(void)
  12           { 
  13   1         // Write your code here
  14   1         while (1)
  15   1            ;
  16   1       }
C51 COMPILER V9.60.0.0   MAIN                                                              11/13/2024 18:15:31 PAGE 2   

ASSEMBLY LISTING OF GENERATED OBJECT CODE


             ; FUNCTION main (BEGIN)
                                           ; SOURCE LINE # 11
                                           ; SOURCE LINE # 12
0000         ?C0001:
                                           ; SOURCE LINE # 14
0000 80FE              SJMP    ?C0001
             ; FUNCTION main (END)



MODULE INFORMATION:   STATIC OVERLAYABLE
   CODE SIZE        =      2    ----
   CONSTANT SIZE    =   ----    ----
   XDATA SIZE       =   ----    ----
   PDATA SIZE       =   ----    ----
   DATA SIZE        =   ----    ----
   IDATA SIZE       =   ----    ----
   BIT SIZE         =   ----    ----
END OF MODULE INFORMATION.


C51 COMPILATION COMPLETE.  0 WARNING(S),  0 ERROR(S)
